d:\binom-sources\learn\msu_practice\5sem\machine_graphic\task4_cloth_template\task4_cloth_template\src\glus\release\glus.pdb
d:\binom-sources\learn\msu_practice\5sem\machine_graphic\task4_cloth_template\task4_cloth_template\src\glus\release\glus_windows.obj
d:\binom-sources\learn\msu_practice\5sem\machine_graphic\task4_cloth_template\task4_cloth_template\src\glus\release\glus_vector.obj
d:\binom-sources\learn\msu_practice\5sem\machine_graphic\task4_cloth_template\task4_cloth_template\src\glus\release\glus_shape.obj
d:\binom-sources\learn\msu_practice\5sem\machine_graphic\task4_cloth_template\task4_cloth_template\src\glus\release\glus_modelview.obj
d:\binom-sources\learn\msu_practice\5sem\machine_graphic\task4_cloth_template\task4_cloth_template\src\glus\release\glus_matrix.obj
d:\binom-sources\learn\msu_practice\5sem\machine_graphic\task4_cloth_template\task4_cloth_template\src\glus\release\glus_load.obj
d:\binom-sources\learn\msu_practice\5sem\machine_graphic\task4_cloth_template\task4_cloth_template\src\glus\release\glus_shaderprogram.obj
d:\binom-sources\learn\msu_practice\5sem\machine_graphic\task4_cloth_template\src\glus\release\glus.pdb
d:\binom-sources\learn\msu_practice\5sem\machine_graphic\task4_cloth_template\src\glus\release\glus_windows.obj
d:\binom-sources\learn\msu_practice\5sem\machine_graphic\task4_cloth_template\src\glus\release\glus_vector.obj
d:\binom-sources\learn\msu_practice\5sem\machine_graphic\task4_cloth_template\src\glus\release\glus_shape.obj
d:\binom-sources\learn\msu_practice\5sem\machine_graphic\task4_cloth_template\src\glus\release\glus_shaderprogram.obj
d:\binom-sources\learn\msu_practice\5sem\machine_graphic\task4_cloth_template\src\glus\release\glus_modelview.obj
d:\binom-sources\learn\msu_practice\5sem\machine_graphic\task4_cloth_template\src\glus\release\glus_matrix.obj
d:\binom-sources\learn\msu_practice\5sem\machine_graphic\task4_cloth_template\src\glus\release\glus_load.obj
d:\binom-sources\learn\msu_practice\5sem\machine_graphic\task4_cloth_template\task4_cloth_template\src\release\glus.lib
d:\binom-sources\learn\msu_practice\5sem\machine_graphic\task4_cloth_template\src\release\glus.lib
c:\users\markitosha\desktop\task4_cloth_template\src\glus\release\glus_load.obj
c:\users\markitosha\desktop\task4_cloth_template\src\glus\release\glus_matrix.obj
c:\users\markitosha\desktop\task4_cloth_template\src\glus\release\glus_modelview.obj
c:\users\markitosha\desktop\task4_cloth_template\src\glus\release\glus_shaderprogram.obj
c:\users\markitosha\desktop\task4_cloth_template\src\glus\release\glus_shape.obj
c:\users\markitosha\desktop\task4_cloth_template\src\glus\release\glus_vector.obj
c:\users\markitosha\desktop\task4_cloth_template\src\glus\release\glus_windows.obj
c:\users\markitosha\desktop\task4_cloth_template\src\glus\release\glus.pdb
c:\users\markitosha\desktop\task4_cloth_template\src\glus\release\vc120.pdb
c:\users\markitosha\desktop\task4_cloth_template\src\glus\release\glus.tlog\cl.command.1.tlog
c:\users\markitosha\desktop\task4_cloth_template\src\glus\release\glus.tlog\cl.read.1.tlog
c:\users\markitosha\desktop\task4_cloth_template\src\glus\release\glus.tlog\cl.write.1.tlog
c:\users\markitosha\desktop\task4_cloth_template\src\glus\release\glus.tlog\lib-link.read.1.tlog
c:\users\markitosha\desktop\task4_cloth_template\src\glus\release\glus.tlog\lib-link.write.1.tlog
c:\users\markitosha\desktop\task4_cloth_template\src\glus\release\glus.tlog\lib.command.1.tlog
