d:\binom-sources\learn\msu_practice\5sem\machine_graphic\task4_cloth_template\task4_cloth_template\src\vsgl3\release\vsgl3.pdb
d:\binom-sources\learn\msu_practice\5sem\machine_graphic\task4_cloth_template\task4_cloth_template\src\vsgl3\release\glhelpertexture.obj
d:\binom-sources\learn\msu_practice\5sem\machine_graphic\task4_cloth_template\task4_cloth_template\src\vsgl3\release\glhelpershaderprogram.obj
d:\binom-sources\learn\msu_practice\5sem\machine_graphic\task4_cloth_template\task4_cloth_template\src\vsgl3\release\glhelpermesh.obj
d:\binom-sources\learn\msu_practice\5sem\machine_graphic\task4_cloth_template\task4_cloth_template\src\vsgl3\release\glhelperdevil.obj
d:\binom-sources\learn\msu_practice\5sem\machine_graphic\task4_cloth_template\task4_cloth_template\src\vsgl3\release\glhelper.obj
d:\binom-sources\learn\msu_practice\5sem\machine_graphic\task4_cloth_template\src\vsgl3\release\vsgl3.pdb
d:\binom-sources\learn\msu_practice\5sem\machine_graphic\task4_cloth_template\src\vsgl3\release\glhelpertexture.obj
d:\binom-sources\learn\msu_practice\5sem\machine_graphic\task4_cloth_template\src\vsgl3\release\glhelpershaderprogram.obj
d:\binom-sources\learn\msu_practice\5sem\machine_graphic\task4_cloth_template\src\vsgl3\release\glhelpermesh.obj
d:\binom-sources\learn\msu_practice\5sem\machine_graphic\task4_cloth_template\src\vsgl3\release\glhelperdevil.obj
d:\binom-sources\learn\msu_practice\5sem\machine_graphic\task4_cloth_template\src\vsgl3\release\glhelper.obj
d:\binom-sources\learn\msu_practice\5sem\machine_graphic\task4_cloth_template\task4_cloth_template\src\release\vsgl3.lib
d:\binom-sources\learn\msu_practice\5sem\machine_graphic\task4_cloth_template\src\release\vsgl3.lib
c:\users\markitosha\desktop\task4_cloth_template\src\vsgl3\release\glhelper.obj
c:\users\markitosha\desktop\task4_cloth_template\src\vsgl3\release\glhelperdevil.obj
c:\users\markitosha\desktop\task4_cloth_template\src\vsgl3\release\glhelpermesh.obj
c:\users\markitosha\desktop\task4_cloth_template\src\vsgl3\release\glhelpershaderprogram.obj
c:\users\markitosha\desktop\task4_cloth_template\src\vsgl3\release\glhelpertexture.obj
c:\users\markitosha\desktop\task4_cloth_template\src\vsgl3\release\vc120.pdb
c:\users\markitosha\desktop\task4_cloth_template\src\vsgl3\release\vsgl3.pdb
c:\users\markitosha\desktop\task4_cloth_template\src\vsgl3\release\vsgl3.tlog\cl.command.1.tlog
c:\users\markitosha\desktop\task4_cloth_template\src\vsgl3\release\vsgl3.tlog\cl.read.1.tlog
c:\users\markitosha\desktop\task4_cloth_template\src\vsgl3\release\vsgl3.tlog\cl.write.1.tlog
c:\users\markitosha\desktop\task4_cloth_template\src\vsgl3\release\vsgl3.tlog\lib-link.read.1.tlog
c:\users\markitosha\desktop\task4_cloth_template\src\vsgl3\release\vsgl3.tlog\lib-link.write.1.tlog
c:\users\markitosha\desktop\task4_cloth_template\src\vsgl3\release\vsgl3.tlog\lib.command.1.tlog
